android/app/build/intermediates/manifest_merge_blame_file/debug/manifest-merger-blame-debug-report.txt
1<?xml version="1.0" encoding="utf-8"?>
2<manifest xmlns:android="http://schemas.android.com/apk/res/android"
3    package="com.rememberwhen"
4    android:versionCode="1"
5    android:versionName="1.0" >
6
7    <uses-sdk
7-->src/main/AndroidManifest.xml:11:5-13:41
8        android:minSdkVersion="28"
8-->src/main/AndroidManifest.xml:12:9-35
9        android:targetSdkVersion="29" />
9-->src/main/AndroidManifest.xml:13:9-38
10
11    <uses-permission android:name="android.permission.INTERNET" />
11-->src/main/AndroidManifest.xml:6:5-67
11-->src/main/AndroidManifest.xml:6:22-64
12    <uses-permission android:name="android.permission.SYSTEM_ALERT_WINDOW" />
12-->src/main/AndroidManifest.xml:7:5-77
12-->src/main/AndroidManifest.xml:7:22-75
13    <uses-permission android:name="android.permission.CAMERA" />
13-->src/main/AndroidManifest.xml:8:5-65
13-->src/main/AndroidManifest.xml:8:22-62
14    <uses-permission android:name="android.permission.WRITE_EXTERNAL_STORAGE" />
14-->src/main/AndroidManifest.xml:9:5-81
14-->src/main/AndroidManifest.xml:9:22-78
15
16    <application
16-->src/main/AndroidManifest.xml:15:5-33:19
17        android:name="com.rememberwhen.MainApplication"
17-->src/main/AndroidManifest.xml:16:7-38
18        android:allowBackup="true"
18-->src/main/AndroidManifest.xml:17:7-33
19        android:appComponentFactory="androidx.core.app.CoreComponentFactory"
19-->[androidx.core:core:1.1.0-rc01] AndroidManifest.xml:24:18-86
20        android:debuggable="true"
21        android:icon="@mipmap/ic_launcher"
21-->src/main/AndroidManifest.xml:20:7-41
22        android:label="@string/app_name"
22-->src/main/AndroidManifest.xml:19:7-39
23        android:theme="@style/AppTheme"
23-->src/main/AndroidManifest.xml:21:7-38
24        android:usesCleartextTraffic="true" >
24-->src/main/AndroidManifest.xml:18:7-42
25        <activity
25-->src/main/AndroidManifest.xml:22:7-31:18
26            android:name="com.rememberwhen.MainActivity"
26-->src/main/AndroidManifest.xml:23:9-37
27            android:configChanges="keyboard|keyboardHidden|orientation|screenSize"
27-->src/main/AndroidManifest.xml:25:9-79
28            android:label="@string/app_name"
28-->src/main/AndroidManifest.xml:24:9-41
29            android:windowSoftInputMode="adjustResize" >
29-->src/main/AndroidManifest.xml:26:9-51
30            <intent-filter>
30-->src/main/AndroidManifest.xml:27:9-30:25
31                <action android:name="android.intent.action.MAIN" />
31-->src/main/AndroidManifest.xml:28:13-65
31-->src/main/AndroidManifest.xml:28:21-62
32
33                <category android:name="android.intent.category.LAUNCHER" />
33-->src/main/AndroidManifest.xml:29:13-73
33-->src/main/AndroidManifest.xml:29:23-70
34            </intent-filter>
35        </activity>
36        <activity android:name="com.facebook.react.devsupport.DevSettingsActivity" />
36-->src/main/AndroidManifest.xml:32:7-84
36-->src/main/AndroidManifest.xml:32:17-81
37
38        <provider
38-->[:react-native-image-picker] AndroidManifest.xml:10:9-18:20
39            android:name="com.imagepicker.FileProvider"
39-->[:react-native-image-picker] AndroidManifest.xml:11:13-56
40            android:authorities="com.rememberwhen.provider"
40-->[:react-native-image-picker] AndroidManifest.xml:12:13-60
41            android:exported="false"
41-->[:react-native-image-picker] AndroidManifest.xml:13:13-37
42            android:grantUriPermissions="true" >
42-->[:react-native-image-picker] AndroidManifest.xml:14:13-47
43            <meta-data
43-->[:react-native-image-picker] AndroidManifest.xml:15:13-17:58
44                android:name="android.support.FILE_PROVIDER_PATHS"
44-->[:react-native-image-picker] AndroidManifest.xml:16:17-67
45                android:resource="@xml/provider_paths" />
45-->[:react-native-image-picker] AndroidManifest.xml:17:17-55
46        </provider>
47    </application>
48
49</manifest>